<?xml version="1.0" encoding="UTF-8"?>
<!-- Generated by org.testng.reporters.JUnitXMLReporter -->
<testsuite hostname="lenovo" name="Test SuiteB" tests="6" failures="1" timestamp="30 Jun 2016 12:46:30 GMT" time="0.021" errors="0">
  <testcase name="testB1_1" time="0.001" classname="reportSuiteB.TestB1"/>
  <testcase name="testB1_2" time="0.001" classname="reportSuiteB.TestB1"/>
  <testcase name="testB1_3" time="0.001" classname="reportSuiteB.TestB1"/>
  <testcase name="testB2_1" time="0.0" classname="reportSuiteB.TestB2"/>
  <testcase name="testB2_2" time="0.0" classname="reportSuiteB.TestB2"/>
  <testcase name="testB2_3" time="0.001" classname="reportSuiteB.TestB2">
    <failure type="java.lang.AssertionError" message="Faliure Message">
      <![CDATA[java.lang.AssertionError: Faliure Message
	at reportSuiteB.TestB2.testB2_3(TestB2.java:21)
... Removed 26 stack frames]]>
    </failure>
  </testcase> <!-- testB2_3 -->
</testsuite> <!-- Test SuiteB -->
